<?xml version="1.0" encoding="UTF-8"?>
<!-- Generated by org.testng.reporters.JUnitReportReporter -->
<testsuite hostname="LAPTOP-J9BJJDIO" failures="0" tests="1" name="testCases.HowToHandleAlert" time="7.147" errors="0" timestamp="2022-08-04T14:31:43 IST" skipped="0">
  <testcase classname="testCases.HowToHandleAlert" name="handleAlerts" time="7.147"/>
  <system-out/>
</testsuite> <!-- testCases.HowToHandleAlert -->
