<?xml version="1.0" encoding="UTF-8"?>
<!-- Generated by org.testng.reporters.JUnitReportReporter -->
<testsuite hostname="LAPTOP-J9BJJDIO" failures="0" tests="3" name="testCases.SetPriority" time="0.022" errors="0" timestamp="2022-07-26T19:43:14 IST" skipped="1">
  <testcase classname="testCases.SetPriority" name="test1" time="0.020"/>
  <system-out/>
  <testcase classname="testCases.SetPriority" name="test3" time="0.002"/>
  <system-out/>
  <testcase classname="testCases.SetPriority" name="test2">
    <skipped/>
  </testcase> <!-- test2 -->
  <system-out/>
</testsuite> <!-- testCases.SetPriority -->
