<?xml version="1.0" encoding="UTF-8"?>
<!-- Generated by org.testng.reporters.JUnitReportReporter -->
<testsuite hostname="LAPTOP-J9BJJDIO" failures="0" tests="1" name="testCases.ActionsClass" time="10.085" errors="0" timestamp="2022-08-08T14:17:03 IST" skipped="0">
  <testcase classname="testCases.ActionsClass" name="actionClass" time="10.085"/>
  <system-out/>
</testsuite> <!-- testCases.ActionsClass -->
