<?xml version="1.0" encoding="UTF-8"?>
<!-- Generated by org.testng.reporters.JUnitReportReporter -->
<testsuite hostname="LAPTOP-J9BJJDIO" failures="0" tests="1" name="testCases.ListnerUsage" time="0.022" errors="0" timestamp="2022-07-26T19:38:44 IST" skipped="0">
  <testcase classname="testCases.ListnerUsage" name="test" time="0.022"/>
  <system-out/>
</testsuite> <!-- testCases.ListnerUsage -->
