<?xml version="1.0" encoding="UTF-8"?>
<!-- Generated by org.testng.reporters.JUnitReportReporter -->
<testsuite hostname="LAPTOP-J9BJJDIO" failures="0" tests="1" name="testCases.HowToHandleDropDownNotCommingUnderSelect" time="8.110" errors="0" timestamp="2022-08-02T11:59:44 IST" skipped="0">
  <testcase classname="testCases.HowToHandleDropDownNotCommingUnderSelect" name="handleWindows" time="8.110"/>
  <system-out/>
</testsuite> <!-- testCases.HowToHandleDropDownNotCommingUnderSelect -->
