<?xml version="1.0" encoding="UTF-8"?>
<!-- Generated by org.testng.reporters.JUnitReportReporter -->
<testsuite hostname="LAPTOP-J9BJJDIO" failures="0" tests="6" name="testCases.ParallelExecution" time="30.531" errors="0" timestamp="2022-08-04T14:31:43 IST" skipped="0">
  <testcase classname="testCases.ParallelExecution" name="test3" time="4.070"/>
  <system-out/>
  <testcase classname="testCases.ParallelExecution" name="test5" time="5.169"/>
  <system-out/>
  <testcase classname="testCases.ParallelExecution" name="test2" time="4.535"/>
  <system-out/>
  <testcase classname="testCases.ParallelExecution" name="test1" time="5.231"/>
  <system-out/>
  <testcase classname="testCases.ParallelExecution" name="test4" time="4.549"/>
  <system-out/>
  <testcase classname="testCases.ParallelExecution" name="test6" time="6.977"/>
  <system-out/>
</testsuite> <!-- testCases.ParallelExecution -->
