<?xml version="1.0" encoding="UTF-8"?>
<!-- Generated by org.testng.reporters.JUnitReportReporter -->
<testsuite hostname="LAPTOP-J9BJJDIO" failures="0" tests="1" name="testCases.HomePageTestCases2" time="2.658" errors="0" timestamp="2022-08-01T11:17:12 IST" skipped="0">
  <testcase classname="testCases.HomePageTestCases2" name="verifyFormFieldSelection" time="2.658"/>
  <system-out/>
</testsuite> <!-- testCases.HomePageTestCases2 -->
