<?xml version="1.0" encoding="UTF-8"?>
<!-- Generated by org.testng.reporters.JUnitReportReporter -->
<testsuite hostname="LAPTOP-J9BJJDIO" failures="0" tests="2" name="testCases.DataDrivenByProvider" time="18.057" errors="0" timestamp="2022-07-26T19:00:42 IST" skipped="0">
  <testcase classname="testCases.DataDrivenByProvider" name="verifyValidLogin" time="7.327"/>
  <system-out/>
  <testcase classname="testCases.DataDrivenByProvider" name="verifyValidLogin" time="10.730"/>
  <system-out/>
</testsuite> <!-- testCases.DataDrivenByProvider -->
