<?xml version="1.0" encoding="UTF-8"?>
<!-- Generated by org.testng.reporters.JUnitReportReporter -->
<testsuite hostname="LAPTOP-J9BJJDIO" failures="0" tests="1" name="testCases.LoginUsingPropertyFile" time="11.183" errors="0" timestamp="2022-08-03T12:40:25 IST" skipped="0">
  <testcase classname="testCases.LoginUsingPropertyFile" name="validLogin" time="11.183"/>
  <system-out/>
</testsuite> <!-- testCases.LoginUsingPropertyFile -->
