<?xml version="1.0" encoding="UTF-8"?>
<!-- Generated by org.testng.reporters.JUnitReportReporter -->
<testsuite hostname="LAPTOP-J9BJJDIO" failures="0" tests="1" name="testCases.HowToHandleMultipleWindow" time="6.922" errors="0" timestamp="2022-08-02T11:30:54 IST" skipped="0">
  <testcase classname="testCases.HowToHandleMultipleWindow" name="handleWindows" time="6.922"/>
  <system-out/>
</testsuite> <!-- testCases.HowToHandleMultipleWindow -->
