<?xml version="1.0" encoding="UTF-8"?>
<!-- Generated by org.testng.reporters.JUnitReportReporter -->
<testsuite hostname="LAPTOP-J9BJJDIO" failures="0" tests="1" name="testCases.NevigationCommond" time="12.892" errors="0" timestamp="2022-08-01T09:14:10 IST" skipped="0">
  <testcase classname="testCases.NevigationCommond" name="navigate" time="12.892"/>
  <system-out/>
</testsuite> <!-- testCases.NevigationCommond -->
