<?xml version="1.0" encoding="UTF-8"?>
<!-- Generated by org.testng.reporters.JUnitReportReporter -->
<testsuite hostname="LAPTOP-J9BJJDIO" failures="0" tests="2" name="testCases.TestNgAnnotations" time="0.017" errors="0" timestamp="2022-07-25T13:48:47 IST" skipped="0">
  <testcase classname="testCases.TestNgAnnotations" name="annotation1" time="0.015"/>
  <system-out/>
  <testcase classname="testCases.TestNgAnnotations" name="annotation2" time="0.002"/>
  <system-out/>
</testsuite> <!-- testCases.TestNgAnnotations -->
