<?xml version="1.0" encoding="UTF-8"?>
<!-- Generated by org.testng.reporters.JUnitReportReporter -->
<testsuite hostname="LAPTOP-J9BJJDIO" failures="0" tests="1" name="testCases.HomePageTestCases" time="0.501" errors="0" timestamp="2022-07-29T12:48:29 IST" skipped="0">
  <testcase classname="testCases.HomePageTestCases" name="verifyFormFieldSelection" time="0.501"/>
  <system-out/>
</testsuite> <!-- testCases.HomePageTestCases -->
