<?xml version="1.0" encoding="UTF-8"?>
<!-- Generated by org.testng.reporters.JUnitReportReporter -->
<testsuite hostname="LAPTOP-J9BJJDIO" failures="0" tests="1" name="testCases.NevigattionAndScreenshot" time="14.300" errors="0" timestamp="2022-08-01T10:13:31 IST" skipped="0">
  <testcase classname="testCases.NevigattionAndScreenshot" name="navigate" time="14.300"/>
  <system-out/>
</testsuite> <!-- testCases.NevigattionAndScreenshot -->
