<?xml version="1.0" encoding="UTF-8"?>
<!-- Generated by org.testng.reporters.JUnitReportReporter -->
<testsuite hostname="LAPTOP-J9BJJDIO" failures="0" tests="1" name="testCases.HowToHandleFrames" time="10.030" errors="0" timestamp="2022-08-01T10:36:40 IST" skipped="0">
  <testcase classname="testCases.HowToHandleFrames" name="handleFrame" time="10.030"/>
  <system-out/>
</testsuite> <!-- testCases.HowToHandleFrames -->
