<?xml version="1.0" encoding="UTF-8"?>
<!-- Generated by org.testng.reporters.JUnitReportReporter -->
<testsuite hostname="LAPTOP-J9BJJDIO" failures="0" tests="1" name="testCases.HowToReadExcelFile" time="0.744" errors="0" timestamp="2022-08-07T12:59:36 IST" skipped="0">
  <testcase classname="testCases.HowToReadExcelFile" name="readExcel" time="0.744"/>
  <system-out/>
</testsuite> <!-- testCases.HowToReadExcelFile -->
