<?xml version="1.0" encoding="UTF-8"?>
<!-- Generated by org.testng.reporters.JUnitReportReporter -->
<testsuite hostname="LAPTOP-J9BJJDIO" failures="0" tests="1" name="testCases.TestCasesGroup" time="0.016" errors="0" timestamp="2022-08-04T14:25:34 IST" skipped="0">
  <testcase classname="testCases.TestCasesGroup" name="test2" time="0.016"/>
  <system-out/>
</testsuite> <!-- testCases.TestCasesGroup -->
