<?xml version="1.0" encoding="UTF-8"?>
<!-- Generated by org.testng.reporters.JUnitReportReporter -->
<testsuite hostname="LAPTOP-J9BJJDIO" failures="0" tests="6" name="testCases.ParallelExecution" time="62.598" errors="0" timestamp="2022-08-04T14:23:37 IST" skipped="0">
  <testcase classname="testCases.ParallelExecution" name="test2" time="9.368"/>
  <system-out/>
  <testcase classname="testCases.ParallelExecution" name="test1" time="9.865"/>
  <system-out/>
  <testcase classname="testCases.ParallelExecution" name="test5" time="10.762"/>
  <system-out/>
  <testcase classname="testCases.ParallelExecution" name="test3" time="9.134"/>
  <system-out/>
  <testcase classname="testCases.ParallelExecution" name="test4" time="10.947"/>
  <system-out/>
  <testcase classname="testCases.ParallelExecution" name="test6" time="12.522"/>
  <system-out/>
</testsuite> <!-- testCases.ParallelExecution -->
